2022-02-09 14:15:49.791  INFO 6248 --- [main] com.kms.KMSTest                          : Starting KMSTest using Java 17.0.1 on NSDN-zoe with PID 6248 (started by Owner in C:\Users\Owner\Documents\workspace-spring-tool-suite-4-4.13.0.RELEASE\KMS)
2022-02-09 14:15:49.792  INFO 6248 --- [main] com.kms.KMSTest                          : No active profile set, falling back to default profiles: default
2022-02-09 14:15:50.576  INFO 6248 --- [main] .s.d.r.c.RepositoryConfigurationDelegate : Bootstrapping Spring Data JPA repositories in DEFAULT mode.
2022-02-09 14:15:50.641  INFO 6248 --- [main] .s.d.r.c.RepositoryConfigurationDelegate : Finished Spring Data repository scanning in 54 ms. Found 1 JPA repository interfaces.
2022-02-09 14:15:51.235  INFO 6248 --- [main] com.zaxxer.hikari.HikariDataSource       : HikariPool-1 - Starting...
2022-02-09 14:15:51.454  INFO 6248 --- [main] com.zaxxer.hikari.HikariDataSource       : HikariPool-1 - Start completed.
2022-02-09 14:15:51.525  INFO 6248 --- [main] o.hibernate.jpa.internal.util.LogHelper  : HHH000204: Processing PersistenceUnitInfo [name: default]
2022-02-09 14:15:51.586  INFO 6248 --- [main] org.hibernate.Version                    : HHH000412: Hibernate ORM core version 5.6.4.Final
2022-02-09 14:15:51.768  INFO 6248 --- [main] o.hibernate.annotations.common.Version   : HCANN000001: Hibernate Commons Annotations {5.1.2.Final}
2022-02-09 14:15:51.958  INFO 6248 --- [main] org.hibernate.dialect.Dialect            : HHH000400: Using dialect: org.hibernate.dialect.H2Dialect
2022-02-09 14:15:52.626  INFO 6248 --- [main] o.h.e.t.j.p.i.JtaPlatformInitiator       : HHH000490: Using JtaPlatform implementation: [org.hibernate.engine.transaction.jta.platform.internal.NoJtaPlatform]
2022-02-09 14:15:52.635  INFO 6248 --- [main] j.LocalContainerEntityManagerFactoryBean : Initialized JPA EntityManagerFactory for persistence unit 'default'
2022-02-09 14:15:53.333  WARN 6248 --- [main] JpaBaseConfiguration$JpaWebConfiguration : spring.jpa.open-in-view is enabled by default. Therefore, database queries may be performed during view rendering. Explicitly configure spring.jpa.open-in-view to disable this warning
2022-02-09 14:15:53.953  INFO 6248 --- [main] com.kms.KMSTest                          : Started KMSTest in 4.559 seconds (JVM running for 5.923)
2022-02-09 14:15:54.553  INFO 6248 --- [main] KMSLogger                                : OK
2022-02-09 14:15:54.607  INFO 6248 --- [main] KMSLogger                                : OK
2022-02-09 14:15:54.634  INFO 6248 --- [main] KMSLogger                                : OK
2022-02-09 14:15:54.648  INFO 6248 --- [main] KMSLogger                                : OK
2022-02-09 14:15:54.655  INFO 6248 --- [main] KMSLogger                                : [3m USD 10 30 [0m
2022-02-09 14:15:54.656  INFO 6248 --- [main] KMSLogger                                : [3m USD 1000 60 [0m
2022-02-09 14:15:54.656  INFO 6248 --- [main] KMSLogger                                : [3m USD 50 30 [0m
2022-02-09 14:15:54.701  INFO 6248 --- [SpringApplicationShutdownHook] j.LocalContainerEntityManagerFactoryBean : Closing JPA EntityManagerFactory for persistence unit 'default'
2022-02-09 14:15:54.702  INFO 6248 --- [SpringApplicationShutdownHook] .SchemaDropperImpl$DelayedDropActionImpl : HHH000477: Starting delayed evictData of schema as part of SessionFactory shut-down'
2022-02-09 14:15:54.704  WARN 6248 --- [SpringApplicationShutdownHook] o.h.engine.jdbc.spi.SqlExceptionHelper   : SQL Error: 90121, SQLState: 90121
2022-02-09 14:15:54.705 ERROR 6248 --- [SpringApplicationShutdownHook] o.h.engine.jdbc.spi.SqlExceptionHelper   : Database is already closed (to disable automatic closing at VM shutdown, add ";DB_CLOSE_ON_EXIT=FALSE" to the db URL) [90121-200]
2022-02-09 14:15:54.706  WARN 6248 --- [SpringApplicationShutdownHook] o.h.engine.jdbc.spi.SqlExceptionHelper   : SQL Error: 90121, SQLState: 90121
2022-02-09 14:15:54.706 ERROR 6248 --- [SpringApplicationShutdownHook] o.h.engine.jdbc.spi.SqlExceptionHelper   : Database is already closed (to disable automatic closing at VM shutdown, add ";DB_CLOSE_ON_EXIT=FALSE" to the db URL) [90121-200]
2022-02-09 14:15:54.707  WARN 6248 --- [SpringApplicationShutdownHook] o.s.b.f.support.DisposableBeanAdapter    : Invocation of destroy method failed on bean with name 'entityManagerFactory': org.hibernate.exception.JDBCConnectionException: Unable to release JDBC Connection used for DDL execution
2022-02-09 14:15:54.707  INFO 6248 --- [SpringApplicationShutdownHook] com.zaxxer.hikari.HikariDataSource       : HikariPool-1 - Shutdown initiated...
2022-02-09 14:15:54.716  INFO 6248 --- [SpringApplicationShutdownHook] com.zaxxer.hikari.HikariDataSource       : HikariPool-1 - Shutdown completed.
2022-02-09 14:21:29.354  INFO 9556 --- [main] com.kms.KMSTest                          : Starting KMSTest using Java 17.0.1 on NSDN-zoe with PID 9556 (started by Owner in C:\Users\Owner\Documents\workspace-spring-tool-suite-4-4.13.0.RELEASE\KMS)
2022-02-09 14:21:29.356  INFO 9556 --- [main] com.kms.KMSTest                          : No active profile set, falling back to default profiles: default
2022-02-09 14:21:30.179  INFO 9556 --- [main] .s.d.r.c.RepositoryConfigurationDelegate : Bootstrapping Spring Data JPA repositories in DEFAULT mode.
2022-02-09 14:21:30.251  INFO 9556 --- [main] .s.d.r.c.RepositoryConfigurationDelegate : Finished Spring Data repository scanning in 60 ms. Found 1 JPA repository interfaces.
2022-02-09 14:21:31.029  INFO 9556 --- [main] com.zaxxer.hikari.HikariDataSource       : HikariPool-1 - Starting...
2022-02-09 14:21:31.281  INFO 9556 --- [main] com.zaxxer.hikari.HikariDataSource       : HikariPool-1 - Start completed.
2022-02-09 14:21:31.377  INFO 9556 --- [main] o.hibernate.jpa.internal.util.LogHelper  : HHH000204: Processing PersistenceUnitInfo [name: default]
2022-02-09 14:21:31.450  INFO 9556 --- [main] org.hibernate.Version                    : HHH000412: Hibernate ORM core version 5.6.4.Final
2022-02-09 14:21:31.666  INFO 9556 --- [main] o.hibernate.annotations.common.Version   : HCANN000001: Hibernate Commons Annotations {5.1.2.Final}
2022-02-09 14:21:31.857  INFO 9556 --- [main] org.hibernate.dialect.Dialect            : HHH000400: Using dialect: org.hibernate.dialect.H2Dialect
2022-02-09 14:21:32.547  INFO 9556 --- [main] o.h.e.t.j.p.i.JtaPlatformInitiator       : HHH000490: Using JtaPlatform implementation: [org.hibernate.engine.transaction.jta.platform.internal.NoJtaPlatform]
2022-02-09 14:21:32.558  INFO 9556 --- [main] j.LocalContainerEntityManagerFactoryBean : Initialized JPA EntityManagerFactory for persistence unit 'default'
2022-02-09 14:21:33.243  WARN 9556 --- [main] JpaBaseConfiguration$JpaWebConfiguration : spring.jpa.open-in-view is enabled by default. Therefore, database queries may be performed during view rendering. Explicitly configure spring.jpa.open-in-view to disable this warning
2022-02-09 14:21:33.892  INFO 9556 --- [main] com.kms.KMSTest                          : Started KMSTest in 5.21 seconds (JVM running for 6.653)
2022-02-09 14:21:34.404  INFO 9556 --- [SpringApplicationShutdownHook] j.LocalContainerEntityManagerFactoryBean : Closing JPA EntityManagerFactory for persistence unit 'default'
2022-02-09 14:21:34.406  INFO 9556 --- [SpringApplicationShutdownHook] .SchemaDropperImpl$DelayedDropActionImpl : HHH000477: Starting delayed evictData of schema as part of SessionFactory shut-down'
2022-02-09 14:21:34.409  WARN 9556 --- [SpringApplicationShutdownHook] o.h.engine.jdbc.spi.SqlExceptionHelper   : SQL Error: 90121, SQLState: 90121
2022-02-09 14:21:34.409 ERROR 9556 --- [SpringApplicationShutdownHook] o.h.engine.jdbc.spi.SqlExceptionHelper   : Database is already closed (to disable automatic closing at VM shutdown, add ";DB_CLOSE_ON_EXIT=FALSE" to the db URL) [90121-200]
2022-02-09 14:21:34.411  WARN 9556 --- [SpringApplicationShutdownHook] o.h.engine.jdbc.spi.SqlExceptionHelper   : SQL Error: 90121, SQLState: 90121
2022-02-09 14:21:34.411 ERROR 9556 --- [SpringApplicationShutdownHook] o.h.engine.jdbc.spi.SqlExceptionHelper   : Database is already closed (to disable automatic closing at VM shutdown, add ";DB_CLOSE_ON_EXIT=FALSE" to the db URL) [90121-200]
2022-02-09 14:21:34.411  WARN 9556 --- [SpringApplicationShutdownHook] o.s.b.f.support.DisposableBeanAdapter    : Invocation of destroy method failed on bean with name 'entityManagerFactory': org.hibernate.exception.JDBCConnectionException: Unable to release JDBC Connection used for DDL execution
2022-02-09 14:21:34.412  INFO 9556 --- [SpringApplicationShutdownHook] com.zaxxer.hikari.HikariDataSource       : HikariPool-1 - Shutdown initiated...
2022-02-09 14:21:34.415  INFO 9556 --- [SpringApplicationShutdownHook] com.zaxxer.hikari.HikariDataSource       : HikariPool-1 - Shutdown completed.
2022-02-09 14:30:10.836  INFO 16900 --- [main] com.kms.KMSTest                          : Starting KMSTest using Java 17.0.1 on NSDN-zoe with PID 16900 (started by Owner in C:\Users\Owner\Documents\workspace-spring-tool-suite-4-4.13.0.RELEASE\KMS)
2022-02-09 14:30:10.837  INFO 16900 --- [main] com.kms.KMSTest                          : No active profile set, falling back to default profiles: default
2022-02-09 14:30:11.882  INFO 16900 --- [main] .s.d.r.c.RepositoryConfigurationDelegate : Bootstrapping Spring Data JPA repositories in DEFAULT mode.
2022-02-09 14:30:11.968  INFO 16900 --- [main] .s.d.r.c.RepositoryConfigurationDelegate : Finished Spring Data repository scanning in 71 ms. Found 1 JPA repository interfaces.
2022-02-09 14:30:12.798  INFO 16900 --- [main] com.zaxxer.hikari.HikariDataSource       : HikariPool-1 - Starting...
2022-02-09 14:30:13.016  INFO 16900 --- [main] com.zaxxer.hikari.HikariDataSource       : HikariPool-1 - Start completed.
2022-02-09 14:30:13.103  INFO 16900 --- [main] o.hibernate.jpa.internal.util.LogHelper  : HHH000204: Processing PersistenceUnitInfo [name: default]
2022-02-09 14:30:13.190  INFO 16900 --- [main] org.hibernate.Version                    : HHH000412: Hibernate ORM core version 5.6.4.Final
2022-02-09 14:30:13.377  INFO 16900 --- [main] o.hibernate.annotations.common.Version   : HCANN000001: Hibernate Commons Annotations {5.1.2.Final}
2022-02-09 14:30:13.601  INFO 16900 --- [main] org.hibernate.dialect.Dialect            : HHH000400: Using dialect: org.hibernate.dialect.H2Dialect
2022-02-09 14:30:14.337  INFO 16900 --- [main] o.h.e.t.j.p.i.JtaPlatformInitiator       : HHH000490: Using JtaPlatform implementation: [org.hibernate.engine.transaction.jta.platform.internal.NoJtaPlatform]
2022-02-09 14:30:14.348  INFO 16900 --- [main] j.LocalContainerEntityManagerFactoryBean : Initialized JPA EntityManagerFactory for persistence unit 'default'
2022-02-09 14:30:15.109  WARN 16900 --- [main] JpaBaseConfiguration$JpaWebConfiguration : spring.jpa.open-in-view is enabled by default. Therefore, database queries may be performed during view rendering. Explicitly configure spring.jpa.open-in-view to disable this warning
2022-02-09 14:30:15.818  INFO 16900 --- [main] com.kms.KMSTest                          : Started KMSTest in 5.557 seconds (JVM running for 6.907)
2022-02-09 14:30:16.357  INFO 16900 --- [main] KMSLogger                                : OK
2022-02-09 14:30:16.357  INFO 16900 --- [main] KMSLogger                                : ERROR
2022-02-09 14:30:16.361  INFO 16900 --- [main] KMSLogger                                : OK
2022-02-09 14:30:16.415  INFO 16900 --- [main] KMSLogger                                : OK
2022-02-09 14:30:16.415  INFO 16900 --- [main] KMSLogger                                : ERROR
2022-02-09 14:30:16.422  INFO 16900 --- [main] KMSLogger                                : OK
2022-02-09 14:30:16.432  INFO 16900 --- [main] KMSLogger                                : [3m asd 10 30 [0m
2022-02-09 14:30:16.433  INFO 16900 --- [main] KMSLogger                                : [3m asd 1000 30 [0m
2022-02-09 14:30:16.433  INFO 16900 --- [main] KMSLogger                                : [3m USD 1000 30 [0m
2022-02-09 14:30:16.433  INFO 16900 --- [main] KMSLogger                                : [3m USD 50 30 [0m
2022-02-09 14:30:16.433  INFO 16900 --- [main] KMSLogger                                : [3m OK [0m
2022-02-09 14:30:16.487  INFO 16900 --- [SpringApplicationShutdownHook] j.LocalContainerEntityManagerFactoryBean : Closing JPA EntityManagerFactory for persistence unit 'default'
2022-02-09 14:30:16.488  INFO 16900 --- [SpringApplicationShutdownHook] .SchemaDropperImpl$DelayedDropActionImpl : HHH000477: Starting delayed evictData of schema as part of SessionFactory shut-down'
2022-02-09 14:30:16.491  WARN 16900 --- [SpringApplicationShutdownHook] o.h.engine.jdbc.spi.SqlExceptionHelper   : SQL Error: 90121, SQLState: 90121
2022-02-09 14:30:16.492 ERROR 16900 --- [SpringApplicationShutdownHook] o.h.engine.jdbc.spi.SqlExceptionHelper   : Database is already closed (to disable automatic closing at VM shutdown, add ";DB_CLOSE_ON_EXIT=FALSE" to the db URL) [90121-200]
2022-02-09 14:30:16.493  WARN 16900 --- [SpringApplicationShutdownHook] o.h.engine.jdbc.spi.SqlExceptionHelper   : SQL Error: 90121, SQLState: 90121
2022-02-09 14:30:16.493 ERROR 16900 --- [SpringApplicationShutdownHook] o.h.engine.jdbc.spi.SqlExceptionHelper   : Database is already closed (to disable automatic closing at VM shutdown, add ";DB_CLOSE_ON_EXIT=FALSE" to the db URL) [90121-200]
2022-02-09 14:30:16.493  WARN 16900 --- [SpringApplicationShutdownHook] o.s.b.f.support.DisposableBeanAdapter    : Invocation of destroy method failed on bean with name 'entityManagerFactory': org.hibernate.exception.JDBCConnectionException: Unable to release JDBC Connection used for DDL execution
2022-02-09 14:30:16.494  INFO 16900 --- [SpringApplicationShutdownHook] com.zaxxer.hikari.HikariDataSource       : HikariPool-1 - Shutdown initiated...
2022-02-09 14:30:16.497  INFO 16900 --- [SpringApplicationShutdownHook] com.zaxxer.hikari.HikariDataSource       : HikariPool-1 - Shutdown completed.
